GROUP,PACKAGE,CLASS,INSTRUCTION_MISSED,INSTRUCTION_COVERED,BRANCH_MISSED,BRANCH_COVERED,LINE_MISSED,LINE_COVERED,COMPLEXITY_MISSED,COMPLEXITY_COVERED,METHOD_MISSED,METHOD_COVERED
bmse3014-assignment,service.impl,FoodService,32,123,6,24,6,26,6,18,0,9
bmse3014-assignment,service.impl,OrderService,13,117,2,8,2,27,2,8,0,5
bmse3014-assignment,service.impl,PaymentService,16,99,5,13,3,23,5,9,0,4
bmse3014-assignment,service.impl,CustomerService,20,138,7,33,4,27,7,22,0,9
bmse3014-assignment,model,Customer,4,125,3,5,0,46,3,20,0,19
bmse3014-assignment,model,TNGPayment,0,33,1,3,0,9,1,6,0,5
bmse3014-assignment,model,Order,12,132,5,5,1,44,6,19,1,19
bmse3014-assignment,model,GrabPayment,2,31,2,2,0,9,2,5,0,5
bmse3014-assignment,model,BankPayment,3,36,1,3,1,9,2,6,1,5
bmse3014-assignment,model,OrderDetails,65,129,11,9,16,36,14,14,7,11
bmse3014-assignment,model,Food,19,93,4,4,3,33,6,13,2,13
bmse3014-assignment,model,PaymentMethod,4,135,3,5,0,47,3,21,0,20
