<?xml version="1.0" encoding="UTF-8"?>
<testsuite xmlns:xsi="http://www.w3.org/2001/XMLSchema-instance" xsi:noNamespaceSchemaLocation="https://maven.apache.org/surefire/maven-surefire-plugin/xsd/surefire-test-report-3.0.xsd" version="3.0" name="repository.impl.PaymentMethodRepositoryTest" time="0.071" tests="21" errors="0" skipped="0" failures="0">
  <properties>
[...]
</properties>
  <testcase name="testFindById_Existing" classname="repository.impl.PaymentMethodRepositoryTest" time="0.003"/>
  <testcase name="testFindByCustomerId_NonExisting" classname="repository.impl.PaymentMethodRepositoryTest" time="0.002"/>
  <testcase name="testUpdateBalance_ExecuteUpdateReturnsZero" classname="repository.impl.PaymentMethodRepositoryTest" time="0.004"/>
  <testcase name="testFindByCustomerId_WhileLoopProcessesAll" classname="repository.impl.PaymentMethodRepositoryTest" time="0.003"/>
  <testcase name="testSave_WithGeneratedId" classname="repository.impl.PaymentMethodRepositoryTest" time="0.003"/>
  <testcase name="testSave_BankWithCardDetails" classname="repository.impl.PaymentMethodRepositoryTest" time="0.003"/>
  <testcase name="testUpdateBalance_NonExisting" classname="repository.impl.PaymentMethodRepositoryTest" time="0.003"/>
  <testcase name="testUpdateBalance_Existing" classname="repository.impl.PaymentMethodRepositoryTest" time="0.003"/>
  <testcase name="testUpdateBalance_ExecuteUpdateReturnsPositive" classname="repository.impl.PaymentMethodRepositoryTest" time="0.003"/>
  <testcase name="testFindByCustomerId_AllTypes" classname="repository.impl.PaymentMethodRepositoryTest" time="0.003"/>
  <testcase name="testFindByCustomerId_Empty" classname="repository.impl.PaymentMethodRepositoryTest" time="0.003"/>
  <testcase name="testFindByCustomerId" classname="repository.impl.PaymentMethodRepositoryTest" time="0.002"/>
  <testcase name="testFindByCustomerIdAndType_Existing" classname="repository.impl.PaymentMethodRepositoryTest" time="0.003"/>
  <testcase name="testSave_GeneratedKeysPath" classname="repository.impl.PaymentMethodRepositoryTest" time="0.002"/>
  <testcase name="testUpdateBalance_MultipleUpdates" classname="repository.impl.PaymentMethodRepositoryTest" time="0.005"/>
  <testcase name="testSave_NewPaymentMethod" classname="repository.impl.PaymentMethodRepositoryTest" time="0.003"/>
  <testcase name="testMapResultSetToPaymentMethod_AllFields" classname="repository.impl.PaymentMethodRepositoryTest" time="0.003"/>
  <testcase name="testFindByCustomerIdAndType_NonExisting" classname="repository.impl.PaymentMethodRepositoryTest" time="0.003"/>
  <testcase name="testFindById_VerifyAllFields" classname="repository.impl.PaymentMethodRepositoryTest" time="0.003"/>
  <testcase name="testSave_BankPayment" classname="repository.impl.PaymentMethodRepositoryTest" time="0.002"/>
  <testcase name="testDefaultConstructor" classname="repository.impl.PaymentMethodRepositoryTest" time="0.002"/>
</testsuite>